#
# There is insufficient memory for the Java Runtime Environment to continue.
# Native memory allocation (mmap) failed to map 28311552 bytes. Error detail: G1 virtual space
# Possible reasons:
#   The system is out of physical RAM or swap space
#   This process is running with CompressedOops enabled, and the Java Heap may be blocking the growth of the native heap
# Possible solutions:
#   Reduce memory load on the system
#   Increase physical memory or swap space
#   Check if swap backing store is full
#   Decrease Java heap size (-Xmx/-Xms)
#   Decrease number of Java threads
#   Decrease Java thread stack sizes (-Xss)
#   Set larger code cache with -XX:ReservedCodeCacheSize=
#   JVM is running with Unscaled Compressed Oops mode in which the Java heap is
#     placed in the first 4GB address space. The Java Heap base address is the
#     maximum limit for the native heap growth. Please use -XX:HeapBaseMinAddress
#     to set the Java Heap base and to place the Java Heap above 4GB virtual address.
# This output file may be truncated or incomplete.
#
#  Out of Memory Error (os_windows.cpp:3679), pid=15056, tid=6252
#
# JRE version: OpenJDK Runtime Environment Microsoft-10376486 (17.0.13+11) (build 17.0.13+11-LTS)
# Java VM: OpenJDK 64-Bit Server VM Microsoft-10376486 (17.0.13+11-LTS, mixed mode, sharing, tiered, compressed oops, compressed class ptrs, g1 gc, windows-amd64)
# No core dump will be written. Minidumps are not enabled by default on client versions of Windows
#

---------------  S U M M A R Y ------------

Command Line: --add-opens=java.base/java.lang=ALL-UNNAMED --add-opens=java.base/java.lang.invoke=ALL-UNNAMED --add-opens=java.base/java.util=ALL-UNNAMED --add-opens=java.prefs/java.util.prefs=ALL-UNNAMED --add-exports=jdk.compiler/com.sun.tools.javac.api=ALL-UNNAMED --add-exports=jdk.compiler/com.sun.tools.javac.util=ALL-UNNAMED --add-opens=java.base/java.util=ALL-UNNAMED --add-opens=java.prefs/java.util.prefs=ALL-UNNAMED --add-opens=java.base/java.nio.charset=ALL-UNNAMED --add-opens=java.base/java.net=ALL-UNNAMED --add-opens=java.base/java.util.concurrent.atomic=ALL-UNNAMED --add-opens=java.xml/javax.xml.namespace=ALL-UNNAMED -XX:MaxMetaspaceSize=512m -Xmx2048m -Dfile.encoding=windows-1252 -Duser.country=IN -Duser.language=en -Duser.variant -javaagent:C:\Users\rajai\.gradle\wrapper\dists\gradle-8.14.1-bin\baw1sv0jfoi8rxs14qo3h49cs\gradle-8.14.1\lib\agents\gradle-instrumentation-agent-8.14.1.jar org.gradle.launcher.daemon.bootstrap.GradleDaemon 8.14.1

Host: Intel(R) Core(TM) i3-7020U CPU @ 2.30GHz, 4 cores, 7G,  Windows 10 , 64 bit Build 19041 (10.0.19041.5915)
Time: Fri Dec  5 15:24:13 2025 India Standard Time elapsed time: 28.765633 seconds (0d 0h 0m 28s)

---------------  T H R E A D  ---------------

Current thread (0x0000028cc6492100):  VMThread "VM Thread" [stack: 0x000000dec4300000,0x000000dec4400000] [id=6252]

Stack: [0x000000dec4300000,0x000000dec4400000]
Native frames: (J=compiled Java code, j=interpreted, Vv=VM code, C=native code)
V  [jvm.dll+0x687fc9]
V  [jvm.dll+0x83eeb8]
V  [jvm.dll+0x840963]
V  [jvm.dll+0x840fd3]
V  [jvm.dll+0x24951f]
V  [jvm.dll+0x684f89]
V  [jvm.dll+0x6794aa]
V  [jvm.dll+0x30ad27]
V  [jvm.dll+0x312296]
V  [jvm.dll+0x362bde]
V  [jvm.dll+0x362e1d]
V  [jvm.dll+0x2e1fbc]
V  [jvm.dll+0x2e0369]
V  [jvm.dll+0x2dfacc]
V  [jvm.dll+0x32267b]
V  [jvm.dll+0x84580d]
V  [jvm.dll+0x846543]
V  [jvm.dll+0x846a6f]
V  [jvm.dll+0x846e54]
V  [jvm.dll+0x846f1e]
V  [jvm.dll+0x7eea6c]
V  [jvm.dll+0x686ea7]
C  [ucrtbase.dll+0x21bb2]
C  [KERNEL32.DLL+0x17374]
C  [ntdll.dll+0x4cc91]

VM_Operation (0x000000dec59f5a80): G1CollectForAllocation, mode: safepoint, requested by thread 0x0000028ce793b770


---------------  P R O C E S S  ---------------

Threads class SMR info:
_java_thread_list=0x0000028ce88b03f0, length=53, elements={
0x0000028ca88b3cf0, 0x0000028cc649a7a0, 0x0000028cc649bdc0, 0x0000028cc64b4a00,
0x0000028cc64b7790, 0x0000028cc64b9160, 0x0000028cc64b9b20, 0x0000028cc64ba8c0,
0x0000028cc64bc6c0, 0x0000028cc64c1500, 0x0000028cc64802c0, 0x0000028cc6684870,
0x0000028ce6b79240, 0x0000028ce7851f30, 0x0000028ce7844700, 0x0000028ce78960a0,
0x0000028ce7925090, 0x0000028ce7938ef0, 0x0000028ce793b770, 0x0000028ce79384d0,
0x0000028ce7939400, 0x0000028ce793b260, 0x0000028ce793a840, 0x0000028ce793ad50,
0x0000028ce7939e20, 0x0000028ce793bc80, 0x0000028ce7939910, 0x0000028ce793a330,
0x0000028ce8345ad0, 0x0000028ce83464f0, 0x0000028ce8347e40, 0x0000028ce8347420,
0x0000028ce8348860, 0x0000028ce8345fe0, 0x0000028ce8348d70, 0x0000028ce83455c0,
0x0000028ce8347930, 0x0000028ce9e7a9f0, 0x0000028ce9e77c60, 0x0000028ce9e7ebc0,
0x0000028ce9e7d780, 0x0000028ce9e7cd60, 0x0000028ce9e78680, 0x0000028ce9e7f0d0,
0x0000028ce9e7dc90, 0x0000028ce9e7b410, 0x0000028ce9e7af00, 0x0000028ce9e7e6b0,
0x0000028ce9e7be30, 0x0000028ce9e7e1a0, 0x0000028ce9e7b920, 0x0000028ce9e7c340,
0x0000028cea07c6b0
}

Java Threads: ( => current thread )
  0x0000028ca88b3cf0 JavaThread "main" [_thread_blocked, id=6364, stack(0x000000dec3d00000,0x000000dec3e00000)]
  0x0000028cc649a7a0 JavaThread "Reference Handler" daemon [_thread_blocked, id=5112, stack(0x000000dec4400000,0x000000dec4500000)]
  0x0000028cc649bdc0 JavaThread "Finalizer" daemon [_thread_blocked, id=15328, stack(0x000000dec4500000,0x000000dec4600000)]
  0x0000028cc64b4a00 JavaThread "Signal Dispatcher" daemon [_thread_blocked, id=3232, stack(0x000000dec4600000,0x000000dec4700000)]
  0x0000028cc64b7790 JavaThread "Attach Listener" daemon [_thread_blocked, id=6112, stack(0x000000dec4700000,0x000000dec4800000)]
  0x0000028cc64b9160 JavaThread "Service Thread" daemon [_thread_blocked, id=11672, stack(0x000000dec4800000,0x000000dec4900000)]
  0x0000028cc64b9b20 JavaThread "Monitor Deflation Thread" daemon [_thread_blocked, id=14832, stack(0x000000dec4900000,0x000000dec4a00000)]
  0x0000028cc64ba8c0 JavaThread "C2 CompilerThread0" daemon [_thread_in_native, id=4896, stack(0x000000dec4a00000,0x000000dec4b00000)]
  0x0000028cc64bc6c0 JavaThread "C1 CompilerThread0" daemon [_thread_blocked, id=7236, stack(0x000000dec4b00000,0x000000dec4c00000)]
  0x0000028cc64c1500 JavaThread "Sweeper thread" daemon [_thread_blocked, id=20676, stack(0x000000dec4c00000,0x000000dec4d00000)]
  0x0000028cc64802c0 JavaThread "Common-Cleaner" daemon [_thread_blocked, id=19124, stack(0x000000dec4d00000,0x000000dec4e00000)]
  0x0000028cc6684870 JavaThread "Notification Thread" daemon [_thread_blocked, id=11196, stack(0x000000dec4e00000,0x000000dec4f00000)]
  0x0000028ce6b79240 JavaThread "Daemon health stats" [_thread_blocked, id=4976, stack(0x000000dec5400000,0x000000dec5500000)]
  0x0000028ce7851f30 JavaThread "Incoming local TCP Connector on port 53820" [_thread_in_native, id=3716, stack(0x000000dec5200000,0x000000dec5300000)]
  0x0000028ce7844700 JavaThread "Daemon periodic checks" [_thread_blocked, id=7444, stack(0x000000dec5500000,0x000000dec5600000)]
  0x0000028ce78960a0 JavaThread "Daemon" [_thread_blocked, id=15640, stack(0x000000dec5600000,0x000000dec5700000)]
  0x0000028ce7925090 JavaThread "Handler for socket connection from /127.0.0.1:53820 to /127.0.0.1:53821" [_thread_in_native, id=13648, stack(0x000000dec5700000,0x000000dec5800000)]
  0x0000028ce7938ef0 JavaThread "Cancel handler" [_thread_blocked, id=12256, stack(0x000000dec5800000,0x000000dec5900000)]
  0x0000028ce793b770 JavaThread "Daemon worker" [_thread_blocked, id=9604, stack(0x000000dec5900000,0x000000dec5a00000)]
  0x0000028ce79384d0 JavaThread "Asynchronous log dispatcher for DefaultDaemonConnection: socket connection from /127.0.0.1:53820 to /127.0.0.1:53821" [_thread_blocked, id=13828, stack(0x000000dec5a00000,0x000000dec5b00000)]
  0x0000028ce7939400 JavaThread "Stdin handler" [_thread_blocked, id=14844, stack(0x000000dec5b00000,0x000000dec5c00000)]
  0x0000028ce793b260 JavaThread "Daemon client event forwarder" [_thread_blocked, id=12976, stack(0x000000dec5c00000,0x000000dec5d00000)]
  0x0000028ce793a840 JavaThread "Cache worker for journal cache (C:\Users\rajai\.gradle\caches\journal-1)" [_thread_blocked, id=11536, stack(0x000000dec5e00000,0x000000dec5f00000)]
  0x0000028ce793ad50 JavaThread "File lock request listener" [_thread_in_native, id=21276, stack(0x000000dec5f00000,0x000000dec6000000)]
  0x0000028ce7939e20 JavaThread "Cache worker for file hash cache (C:\Users\rajai\.gradle\caches\8.14.1\fileHashes)" [_thread_blocked, id=2308, stack(0x000000dec6000000,0x000000dec6100000)]
  0x0000028ce793bc80 JavaThread "Cache worker for file hash cache (F:\Subham_Folder\Projects\React-Native\SpotReserve\android\.gradle\8.14.1\fileHashes)" [_thread_blocked, id=8640, stack(0x000000dec6100000,0x000000dec6200000)]
  0x0000028ce7939910 JavaThread "Cache worker for Build Output Cleanup Cache (F:\Subham_Folder\Projects\React-Native\SpotReserve\android\.gradle\buildOutputCleanup)" [_thread_blocked, id=18312, stack(0x000000dec6200000,0x000000dec6300000)]
  0x0000028ce793a330 JavaThread "File watcher server" daemon [_thread_in_native, id=4160, stack(0x000000dec6300000,0x000000dec6400000)]
  0x0000028ce8345ad0 JavaThread "File watcher consumer" daemon [_thread_blocked, id=17804, stack(0x000000dec6400000,0x000000dec6500000)]
  0x0000028ce83464f0 JavaThread "jar transforms" [_thread_blocked, id=7736, stack(0x000000dec6500000,0x000000dec6600000)]
  0x0000028ce8347e40 JavaThread "Cache worker for checksums cache (F:\Subham_Folder\Projects\React-Native\SpotReserve\android\.gradle\8.14.1\checksums)" [_thread_blocked, id=9324, stack(0x000000dec6700000,0x000000dec6800000)]
  0x0000028ce8347420 JavaThread "Cache worker for file content cache (C:\Users\rajai\.gradle\caches\8.14.1\fileContent)" [_thread_blocked, id=3948, stack(0x000000dec6800000,0x000000dec6900000)]
  0x0000028ce8348860 JavaThread "Cache worker for cache directory md-supplier (C:\Users\rajai\.gradle\caches\8.14.1\md-supplier)" [_thread_blocked, id=4108, stack(0x000000dec6900000,0x000000dec6a00000)]
  0x0000028ce8345fe0 JavaThread "Cache worker for cache directory md-rule (C:\Users\rajai\.gradle\caches\8.14.1\md-rule)" [_thread_blocked, id=19828, stack(0x000000dec6a00000,0x000000dec6b00000)]
  0x0000028ce8348d70 JavaThread "Cache worker for Build Output Cleanup Cache (F:\Subham_Folder\Projects\React-Native\SpotReserve\node_modules\@react-native\gradle-plugin\.gradle\buildOutputCleanup)" [_thread_blocked, id=7316, stack(0x000000dec6b00000,0x000000dec6c00000)]
  0x0000028ce83455c0 JavaThread "Unconstrained build operations" [_thread_blocked, id=2840, stack(0x000000dec5d00000,0x000000dec5e00000)]
  0x0000028ce8347930 JavaThread "Unconstrained build operations Thread 2" [_thread_blocked, id=6612, stack(0x000000dec6c00000,0x000000dec6d00000)]
  0x0000028ce9e7a9f0 JavaThread "Unconstrained build operations Thread 3" [_thread_blocked, id=896, stack(0x000000dec6d00000,0x000000dec6e00000)]
  0x0000028ce9e77c60 JavaThread "Unconstrained build operations Thread 4" [_thread_blocked, id=3164, stack(0x000000dec6e00000,0x000000dec6f00000)]
  0x0000028ce9e7ebc0 JavaThread "Unconstrained build operations Thread 5" [_thread_blocked, id=21164, stack(0x000000dec6f00000,0x000000dec7000000)]
  0x0000028ce9e7d780 JavaThread "Unconstrained build operations Thread 6" [_thread_blocked, id=18884, stack(0x000000dec7000000,0x000000dec7100000)]
  0x0000028ce9e7cd60 JavaThread "Unconstrained build operations Thread 7" [_thread_blocked, id=4652, stack(0x000000dec7200000,0x000000dec7300000)]
  0x0000028ce9e78680 JavaThread "Unconstrained build operations Thread 8" [_thread_blocked, id=2788, stack(0x000000dec7300000,0x000000dec7400000)]
  0x0000028ce9e7f0d0 JavaThread "Unconstrained build operations Thread 9" [_thread_blocked, id=9020, stack(0x000000dec7400000,0x000000dec7500000)]
  0x0000028ce9e7dc90 JavaThread "Unconstrained build operations Thread 10" [_thread_blocked, id=19572, stack(0x000000dec7500000,0x000000dec7600000)]
  0x0000028ce9e7b410 JavaThread "Unconstrained build operations Thread 11" [_thread_blocked, id=8672, stack(0x000000dec7600000,0x000000dec7700000)]
  0x0000028ce9e7af00 JavaThread "Unconstrained build operations Thread 12" [_thread_blocked, id=21436, stack(0x000000dec7700000,0x000000dec7800000)]
  0x0000028ce9e7e6b0 JavaThread "Unconstrained build operations Thread 13" [_thread_blocked, id=21368, stack(0x000000dec7800000,0x000000dec7900000)]
  0x0000028ce9e7be30 JavaThread "Unconstrained build operations Thread 14" [_thread_blocked, id=10716, stack(0x000000dec7900000,0x000000dec7a00000)]
  0x0000028ce9e7e1a0 JavaThread "Unconstrained build operations Thread 15" [_thread_blocked, id=18472, stack(0x000000dec7a00000,0x000000dec7b00000)]
  0x0000028ce9e7b920 JavaThread "build event listener" [_thread_blocked, id=7908, stack(0x000000dec7100000,0x000000dec7200000)]
  0x0000028ce9e7c340 JavaThread "Memory manager" [_thread_blocked, id=20524, stack(0x000000dec7b00000,0x000000dec7c00000)]
  0x0000028cea07c6b0 JavaThread "C2 CompilerThread1" daemon [_thread_blocked, id=14476, stack(0x000000dec7c00000,0x000000dec7d00000)]

Other Threads:
=>0x0000028cc6492100 VMThread "VM Thread" [stack: 0x000000dec4300000,0x000000dec4400000] [id=6252]
  0x0000028cc6695e80 WatcherThread [stack: 0x000000dec4f00000,0x000000dec5000000] [id=16544]
  0x0000028ca890f180 GCTaskThread "GC Thread#0" [stack: 0x000000dec3e00000,0x000000dec3f00000] [id=14228]
  0x0000028cc6743f30 GCTaskThread "GC Thread#1" [stack: 0x000000dec5000000,0x000000dec5100000] [id=15276]
  0x0000028cc6878150 GCTaskThread "GC Thread#2" [stack: 0x000000dec5100000,0x000000dec5200000] [id=11888]
  0x0000028ce66ca530 GCTaskThread "GC Thread#3" [stack: 0x000000dec5300000,0x000000dec5400000] [id=13680]
  0x0000028ca89200d0 ConcurrentGCThread "G1 Main Marker" [stack: 0x000000dec3f00000,0x000000dec4000000] [id=2132]
  0x0000028ca89232a0 ConcurrentGCThread "G1 Conc#0" [stack: 0x000000dec4000000,0x000000dec4100000] [id=18092]
  0x0000028cc63520c0 ConcurrentGCThread "G1 Refine#0" [stack: 0x000000dec4100000,0x000000dec4200000] [id=3400]
  0x0000028ce900c740 ConcurrentGCThread "G1 Refine#1" [stack: 0x000000dec6600000,0x000000dec6700000] [id=16108]
  0x0000028cc6352af0 ConcurrentGCThread "G1 Service" [stack: 0x000000dec4200000,0x000000dec4300000] [id=16084]

Threads with active compile tasks:
C2 CompilerThread0    28828 7428       4       org.objectweb.asm.MethodWriter::putMethodInfo (1274 bytes)
C1 CompilerThread0    28828 7437       3       org.gradle.internal.classloader.CachingClassLoader::equals (33 bytes)
C2 CompilerThread1    28828 7431       4       java.lang.ThreadLocal::setInitialValue (50 bytes)

VM state: at safepoint (normal execution)

VM Mutex/Monitor currently owned by a thread:  ([mutex/lock_event])
[0x0000028ca88b10a0] Threads_lock - owner thread: 0x0000028cc6492100
[0x0000028ca88b0dd0] Heap_lock - owner thread: 0x0000028ce793b770

Heap address: 0x0000000080000000, size: 2048 MB, Compressed Oops mode: 32-bit

CDS archive(s) mapped at: [0x0000028cc7000000-0x0000028cc7bb0000-0x0000028cc7bb0000), size 12255232, SharedBaseAddress: 0x0000028cc7000000, ArchiveRelocationMode: 1.
Compressed class space mapped at: 0x0000028cc8000000-0x0000028ce2000000, reserved size: 436207616
Narrow klass base: 0x0000028cc7000000, Narrow klass shift: 0, Narrow klass range: 0x100000000

GC Precious Log:
 CPUs: 4 total, 4 available
 Memory: 8057M
 Large Page Support: Disabled
 NUMA Support: Disabled
 Compressed Oops: Enabled (32-bit)
 Heap Region Size: 1M
 Heap Min Capacity: 8M
 Heap Initial Capacity: 126M
 Heap Max Capacity: 2G
 Pre-touch: Disabled
 Parallel Workers: 4
 Concurrent Workers: 1
 Concurrent Refinement Workers: 4
 Periodic GC: Disabled

Heap:
 garbage-first heap   total 101376K, used 57498K [0x0000000080000000, 0x0000000100000000)
  region size 1024K, 1 young (1024K), 1 survivors (1024K)
 Metaspace       used 64609K, committed 65280K, reserved 491520K
  class space    used 9137K, committed 9472K, reserved 425984K

Heap Regions: E=young(eden), S=young(survivor), O=old, HS=humongous(starts), HC=humongous(continues), CS=collection set, F=free, OA=open archive, CA=closed archive, TAMS=top-at-mark-start (previous, next)
|   0|0x0000000080000000, 0x0000000080100000, 0x0000000080100000|100%|HS|  |TAMS 0x0000000080100000, 0x0000000080100000| Complete 
|   1|0x0000000080100000, 0x0000000080200000, 0x0000000080200000|100%|HC|  |TAMS 0x0000000080200000, 0x0000000080200000| Complete 
|   2|0x0000000080200000, 0x0000000080300000, 0x0000000080300000|100%|HC|  |TAMS 0x0000000080300000, 0x0000000080300000| Complete 
|   3|0x0000000080300000, 0x0000000080400000, 0x0000000080400000|100%| O|  |TAMS 0x0000000080400000, 0x0000000080400000| Untracked 
|   4|0x0000000080400000, 0x0000000080500000, 0x0000000080500000|100%| O|  |TAMS 0x0000000080500000, 0x0000000080500000| Untracked 
|   5|0x0000000080500000, 0x0000000080600000, 0x0000000080600000|100%| O|  |TAMS 0x0000000080600000, 0x0000000080600000| Untracked 
|   6|0x0000000080600000, 0x0000000080700000, 0x0000000080700000|100%| O|  |TAMS 0x0000000080700000, 0x0000000080700000| Untracked 
|   7|0x0000000080700000, 0x0000000080800000, 0x0000000080800000|100%|HS|  |TAMS 0x0000000080800000, 0x0000000080800000| Complete 
|   8|0x0000000080800000, 0x0000000080900000, 0x0000000080900000|100%| O|  |TAMS 0x0000000080900000, 0x0000000080900000| Untracked 
|   9|0x0000000080900000, 0x0000000080a00000, 0x0000000080a00000|100%| O|  |TAMS 0x0000000080a00000, 0x0000000080a00000| Untracked 
|  10|0x0000000080a00000, 0x0000000080b00000, 0x0000000080b00000|100%| O|  |TAMS 0x0000000080b00000, 0x0000000080b00000| Untracked 
|  11|0x0000000080b00000, 0x0000000080c00000, 0x0000000080c00000|100%| O|  |TAMS 0x0000000080c00000, 0x0000000080c00000| Untracked 
|  12|0x0000000080c00000, 0x0000000080d00000, 0x0000000080d00000|100%| O|  |TAMS 0x0000000080d00000, 0x0000000080d00000| Untracked 
|  13|0x0000000080d00000, 0x0000000080e00000, 0x0000000080e00000|100%| O|  |TAMS 0x0000000080e00000, 0x0000000080e00000| Untracked 
|  14|0x0000000080e00000, 0x0000000080f00000, 0x0000000080f00000|100%| O|  |TAMS 0x0000000080f00000, 0x0000000080f00000| Untracked 
|  15|0x0000000080f00000, 0x0000000080fa3c00, 0x0000000081000000| 63%| O|  |TAMS 0x0000000080fa3c00, 0x0000000080fa3c00| Untracked 
|  16|0x0000000081000000, 0x0000000081100000, 0x0000000081100000|100%| O|  |TAMS 0x0000000081100000, 0x0000000081100000| Untracked 
|  17|0x0000000081100000, 0x0000000081200000, 0x0000000081200000|100%| O|  |TAMS 0x0000000081200000, 0x0000000081200000| Untracked 
|  18|0x0000000081200000, 0x0000000081300000, 0x0000000081300000|100%| O|  |TAMS 0x0000000081300000, 0x0000000081300000| Untracked 
|  19|0x0000000081300000, 0x0000000081400000, 0x0000000081400000|100%| O|  |TAMS 0x0000000081400000, 0x0000000081400000| Untracked 
|  20|0x0000000081400000, 0x0000000081500000, 0x0000000081500000|100%| O|  |TAMS 0x0000000081500000, 0x0000000081500000| Untracked 
|  21|0x0000000081500000, 0x0000000081600000, 0x0000000081600000|100%| O|  |TAMS 0x0000000081600000, 0x0000000081600000| Untracked 
|  22|0x0000000081600000, 0x0000000081700000, 0x0000000081700000|100%| O|  |TAMS 0x0000000081700000, 0x0000000081700000| Untracked 
|  23|0x0000000081700000, 0x0000000081800000, 0x0000000081800000|100%| O|  |TAMS 0x0000000081800000, 0x0000000081800000| Untracked 
|  24|0x0000000081800000, 0x0000000081900000, 0x0000000081900000|100%| O|  |TAMS 0x0000000081900000, 0x0000000081900000| Untracked 
|  25|0x0000000081900000, 0x0000000081a00000, 0x0000000081a00000|100%| O|  |TAMS 0x0000000081a00000, 0x0000000081a00000| Untracked 
|  26|0x0000000081a00000, 0x0000000081b00000, 0x0000000081b00000|100%| O|  |TAMS 0x0000000081b00000, 0x0000000081b00000| Untracked 
|  27|0x0000000081b00000, 0x0000000081c00000, 0x0000000081c00000|100%| O|  |TAMS 0x0000000081c00000, 0x0000000081c00000| Untracked 
|  28|0x0000000081c00000, 0x0000000081d00000, 0x0000000081d00000|100%| O|  |TAMS 0x0000000081d00000, 0x0000000081d00000| Untracked 
|  29|0x0000000081d00000, 0x0000000081e00000, 0x0000000081e00000|100%| O|  |TAMS 0x0000000081e00000, 0x0000000081e00000| Untracked 
|  30|0x0000000081e00000, 0x0000000081f00000, 0x0000000081f00000|100%| O|  |TAMS 0x0000000081f00000, 0x0000000081f00000| Untracked 
|  31|0x0000000081f00000, 0x0000000082000000, 0x0000000082000000|100%| O|  |TAMS 0x0000000082000000, 0x0000000082000000| Untracked 
|  32|0x0000000082000000, 0x0000000082100000, 0x0000000082100000|100%| O|  |TAMS 0x0000000082100000, 0x0000000082100000| Untracked 
|  33|0x0000000082100000, 0x0000000082200000, 0x0000000082200000|100%| O|  |TAMS 0x0000000082200000, 0x0000000082200000| Untracked 
|  34|0x0000000082200000, 0x0000000082200000, 0x0000000082300000|  0%| F|  |TAMS 0x0000000082200000, 0x0000000082200000| Untracked 
|  35|0x0000000082300000, 0x0000000082400000, 0x0000000082400000|100%| O|  |TAMS 0x0000000082400000, 0x0000000082400000| Untracked 
|  36|0x0000000082400000, 0x0000000082500000, 0x0000000082500000|100%| O|  |TAMS 0x0000000082500000, 0x0000000082500000| Untracked 
|  37|0x0000000082500000, 0x0000000082600000, 0x0000000082600000|100%| O|  |TAMS 0x0000000082600000, 0x0000000082600000| Untracked 
|  38|0x0000000082600000, 0x0000000082700000, 0x0000000082700000|100%| O|  |TAMS 0x0000000082700000, 0x0000000082700000| Untracked 
|  39|0x0000000082700000, 0x0000000082800000, 0x0000000082800000|100%| O|  |TAMS 0x0000000082800000, 0x0000000082800000| Untracked 
|  40|0x0000000082800000, 0x0000000082900000, 0x0000000082900000|100%| O|  |TAMS 0x0000000082900000, 0x0000000082900000| Untracked 
|  41|0x0000000082900000, 0x0000000082a00000, 0x0000000082a00000|100%| O|  |TAMS 0x0000000082900000, 0x0000000082a00000| Untracked 
|  42|0x0000000082a00000, 0x0000000082b00000, 0x0000000082b00000|100%|HS|  |TAMS 0x0000000082b00000, 0x0000000082b00000| Complete 
|  43|0x0000000082b00000, 0x0000000082c00000, 0x0000000082c00000|100%|HC|  |TAMS 0x0000000082c00000, 0x0000000082c00000| Complete 
|  44|0x0000000082c00000, 0x0000000082d00000, 0x0000000082d00000|100%|HC|  |TAMS 0x0000000082d00000, 0x0000000082d00000| Complete 
|  45|0x0000000082d00000, 0x0000000082e00000, 0x0000000082e00000|100%|HS|  |TAMS 0x0000000082e00000, 0x0000000082e00000| Complete 
|  46|0x0000000082e00000, 0x0000000082f00000, 0x0000000082f00000|100%|HC|  |TAMS 0x0000000082f00000, 0x0000000082f00000| Complete 
|  47|0x0000000082f00000, 0x0000000083000000, 0x0000000083000000|100%|HC|  |TAMS 0x0000000083000000, 0x0000000083000000| Complete 
|  48|0x0000000083000000, 0x0000000083100000, 0x0000000083100000|100%| O|  |TAMS 0x0000000083100000, 0x0000000083100000| Untracked 
|  49|0x0000000083100000, 0x0000000083200000, 0x0000000083200000|100%| O|  |TAMS 0x0000000083200000, 0x0000000083200000| Untracked 
|  50|0x0000000083200000, 0x0000000083300000, 0x0000000083300000|100%| O|  |TAMS 0x0000000083300000, 0x0000000083300000| Untracked 
|  51|0x0000000083300000, 0x0000000083400000, 0x0000000083400000|100%| O|  |TAMS 0x0000000083400000, 0x0000000083400000| Untracked 
|  52|0x0000000083400000, 0x0000000083500000, 0x0000000083500000|100%| O|  |TAMS 0x0000000083500000, 0x0000000083500000| Untracked 
|  53|0x0000000083500000, 0x0000000083600000, 0x0000000083600000|100%| O|  |TAMS 0x0000000083600000, 0x0000000083600000| Untracked 
|  54|0x0000000083600000, 0x0000000083700000, 0x0000000083700000|100%| O|  |TAMS 0x0000000083700000, 0x0000000083700000| Untracked 
|  55|0x0000000083700000, 0x0000000083800000, 0x0000000083800000|100%| O|  |TAMS 0x0000000083777e00, 0x0000000083800000| Untracked 
|  56|0x0000000083800000, 0x0000000083893a00, 0x0000000083900000| 57%| O|  |TAMS 0x0000000083800000, 0x0000000083893a00| Untracked 
|  57|0x0000000083900000, 0x0000000083900000, 0x0000000083a00000|  0%| F|  |TAMS 0x0000000083900000, 0x0000000083900000| Untracked 
|  58|0x0000000083a00000, 0x0000000083a00000, 0x0000000083b00000|  0%| F|  |TAMS 0x0000000083a00000, 0x0000000083a00000| Untracked 
|  59|0x0000000083b00000, 0x0000000083b00000, 0x0000000083c00000|  0%| F|  |TAMS 0x0000000083b00000, 0x0000000083b00000| Untracked 
|  60|0x0000000083c00000, 0x0000000083c00000, 0x0000000083d00000|  0%| F|  |TAMS 0x0000000083c00000, 0x0000000083c00000| Untracked 
|  61|0x0000000083d00000, 0x0000000083d00000, 0x0000000083e00000|  0%| F|  |TAMS 0x0000000083d00000, 0x0000000083d00000| Untracked 
|  62|0x0000000083e00000, 0x0000000083e00000, 0x0000000083f00000|  0%| F|  |TAMS 0x0000000083e00000, 0x0000000083e00000| Untracked 
|  63|0x0000000083f00000, 0x0000000083f00000, 0x0000000084000000|  0%| F|  |TAMS 0x0000000083f00000, 0x0000000083f00000| Untracked 
|  64|0x0000000084000000, 0x0000000084000000, 0x0000000084100000|  0%| F|  |TAMS 0x0000000084000000, 0x0000000084000000| Untracked 
|  65|0x0000000084100000, 0x0000000084100000, 0x0000000084200000|  0%| F|  |TAMS 0x0000000084100000, 0x0000000084100000| Untracked 
|  66|0x0000000084200000, 0x0000000084200000, 0x0000000084300000|  0%| F|  |TAMS 0x0000000084200000, 0x0000000084200000| Untracked 
|  67|0x0000000084300000, 0x0000000084300000, 0x0000000084400000|  0%| F|  |TAMS 0x0000000084300000, 0x0000000084300000| Untracked 
|  68|0x0000000084400000, 0x0000000084400000, 0x0000000084500000|  0%| F|  |TAMS 0x0000000084400000, 0x0000000084400000| Untracked 
|  69|0x0000000084500000, 0x0000000084500000, 0x0000000084600000|  0%| F|  |TAMS 0x0000000084500000, 0x0000000084500000| Untracked 
|  70|0x0000000084600000, 0x00000000846ef528, 0x0000000084700000| 93%| S|CS|TAMS 0x0000000084600000, 0x0000000084600000| Complete 
|  71|0x0000000084700000, 0x0000000084700000, 0x0000000084800000|  0%| F|  |TAMS 0x0000000084700000, 0x0000000084700000| Untracked 
|  72|0x0000000084800000, 0x0000000084800000, 0x0000000084900000|  0%| F|  |TAMS 0x0000000084800000, 0x0000000084800000| Untracked 
|  73|0x0000000084900000, 0x0000000084900000, 0x0000000084a00000|  0%| F|  |TAMS 0x0000000084900000, 0x0000000084900000| Untracked 
|  74|0x0000000084a00000, 0x0000000084a00000, 0x0000000084b00000|  0%| F|  |TAMS 0x0000000084a00000, 0x0000000084a00000| Untracked 
|  75|0x0000000084b00000, 0x0000000084b00000, 0x0000000084c00000|  0%| F|  |TAMS 0x0000000084b00000, 0x0000000084b00000| Untracked 
|  76|0x0000000084c00000, 0x0000000084c00000, 0x0000000084d00000|  0%| F|  |TAMS 0x0000000084c00000, 0x0000000084c00000| Untracked 
|  77|0x0000000084d00000, 0x0000000084d00000, 0x0000000084e00000|  0%| F|  |TAMS 0x0000000084d00000, 0x0000000084d00000| Untracked 
|  78|0x0000000084e00000, 0x0000000084e00000, 0x0000000084f00000|  0%| F|  |TAMS 0x0000000084e00000, 0x0000000084e00000| Untracked 
|  79|0x0000000084f00000, 0x0000000084f00000, 0x0000000085000000|  0%| F|  |TAMS 0x0000000084f00000, 0x0000000084f00000| Untracked 
|  80|0x0000000085000000, 0x0000000085000000, 0x0000000085100000|  0%| F|  |TAMS 0x0000000085000000, 0x0000000085000000| Untracked 
|  81|0x0000000085100000, 0x0000000085100000, 0x0000000085200000|  0%| F|  |TAMS 0x0000000085100000, 0x0000000085100000| Untracked 
|  82|0x0000000085200000, 0x0000000085200000, 0x0000000085300000|  0%| F|  |TAMS 0x0000000085200000, 0x0000000085200000| Untracked 
|  83|0x0000000085300000, 0x0000000085300000, 0x0000000085400000|  0%| F|  |TAMS 0x0000000085300000, 0x0000000085300000| Untracked 
|  84|0x0000000085400000, 0x0000000085400000, 0x0000000085500000|  0%| F|  |TAMS 0x0000000085400000, 0x0000000085400000| Untracked 
|  85|0x0000000085500000, 0x0000000085500000, 0x0000000085600000|  0%| F|  |TAMS 0x0000000085500000, 0x0000000085500000| Untracked 
|  86|0x0000000085600000, 0x0000000085600000, 0x0000000085700000|  0%| F|  |TAMS 0x0000000085600000, 0x0000000085600000| Untracked 
|  87|0x0000000085700000, 0x0000000085700000, 0x0000000085800000|  0%| F|  |TAMS 0x0000000085700000, 0x0000000085700000| Untracked 
|  88|0x0000000085800000, 0x0000000085800000, 0x0000000085900000|  0%| F|  |TAMS 0x0000000085800000, 0x0000000085800000| Untracked 
|  89|0x0000000085900000, 0x0000000085900000, 0x0000000085a00000|  0%| F|  |TAMS 0x0000000085900000, 0x0000000085900000| Untracked 
|  90|0x0000000085a00000, 0x0000000085a00000, 0x0000000085b00000|  0%| F|  |TAMS 0x0000000085a00000, 0x0000000085a00000| Untracked 
|  91|0x0000000085b00000, 0x0000000085b00000, 0x0000000085c00000|  0%| F|  |TAMS 0x0000000085b00000, 0x0000000085b00000| Untracked 
|  92|0x0000000085c00000, 0x0000000085c00000, 0x0000000085d00000|  0%| F|  |TAMS 0x0000000085c00000, 0x0000000085c00000| Untracked 
|  93|0x0000000085d00000, 0x0000000085d00000, 0x0000000085e00000|  0%| F|  |TAMS 0x0000000085d00000, 0x0000000085d00000| Untracked 
|  94|0x0000000085e00000, 0x0000000085e00000, 0x0000000085f00000|  0%| F|  |TAMS 0x0000000085e00000, 0x0000000085e00000| Untracked 
|  95|0x0000000085f00000, 0x0000000085f00000, 0x0000000086000000|  0%| F|  |TAMS 0x0000000085f00000, 0x0000000085f00000| Untracked 
|  96|0x0000000086000000, 0x0000000086000000, 0x0000000086100000|  0%| F|  |TAMS 0x0000000086000000, 0x0000000086000000| Untracked 
|  97|0x0000000086100000, 0x0000000086100000, 0x0000000086200000|  0%| F|  |TAMS 0x0000000086100000, 0x0000000086100000| Untracked 
| 125|0x0000000087d00000, 0x0000000087d00000, 0x0000000087e00000|  0%| F|  |TAMS 0x0000000087d00000, 0x0000000087d00000| Untracked 

Card table byte_map: [0x0000028cbf7f0000,0x0000028cbfbf0000] _byte_map_base: 0x0000028cbf3f0000

Marking Bits (Prev, Next): (CMBitMap*) 0x0000028ca890f7e0, (CMBitMap*) 0x0000028ca890f7a0
 Prev Bits: [0x0000028cc1ff0000, 0x0000028cc3ff0000)
 Next Bits: [0x0000028cbfff0000, 0x0000028cc1ff0000)

Polling page: 0x0000028ca6700000

Metaspace:

Usage:
  Non-class:     54.17 MB used.
      Class:      8.92 MB used.
       Both:     63.10 MB used.

Virtual space:
  Non-class space:       64.00 MB reserved,      54.50 MB ( 85%) committed,  1 nodes.
      Class space:      416.00 MB reserved,       9.25 MB (  2%) committed,  1 nodes.
             Both:      480.00 MB reserved,      63.75 MB ( 13%) committed. 

Chunk freelists:
   Non-Class:  9.14 MB
       Class:  6.69 MB
        Both:  15.83 MB

MaxMetaspaceSize: 512.00 MB
CompressedClassSpaceSize: 416.00 MB
Initial GC threshold: 21.00 MB
Current GC threshold: 100.62 MB
CDS: on
MetaspaceReclaimPolicy: balanced
 - commit_granule_bytes: 65536.
 - commit_granule_words: 8192.
 - virtual_space_node_default_size: 8388608.
 - enlarge_chunks_in_place: 1.
 - new_chunks_are_fully_committed: 0.
 - uncommit_free_chunks: 1.
 - use_allocation_guard: 0.
 - handle_deallocations: 1.


Internal statistics:

num_allocs_failed_limit: 6.
num_arena_births: 866.
num_arena_deaths: 0.
num_vsnodes_births: 2.
num_vsnodes_deaths: 0.
num_space_committed: 1020.
num_space_uncommitted: 0.
num_chunks_returned_to_freelist: 6.
num_chunks_taken_from_freelist: 3585.
num_chunk_merges: 6.
num_chunk_splits: 2323.
num_chunks_enlarged: 1543.
num_inconsistent_stats: 0.

CodeHeap 'non-profiled nmethods': size=120000Kb used=3869Kb max_used=3869Kb free=116131Kb
 bounds [0x0000028cb7ec0000, 0x0000028cb8290000, 0x0000028cbf3f0000]
CodeHeap 'profiled nmethods': size=120000Kb used=13019Kb max_used=13019Kb free=106980Kb
 bounds [0x0000028cb03f0000, 0x0000028cb10b0000, 0x0000028cb7920000]
CodeHeap 'non-nmethods': size=5760Kb used=2376Kb max_used=2448Kb free=3383Kb
 bounds [0x0000028cb7920000, 0x0000028cb7b90000, 0x0000028cb7ec0000]
 total_blobs=7584 nmethods=6677 adapters=819
 compilation: enabled
              stopped_count=0, restarted_count=0
 full_count=0

Compilation events (20 events):
Event: 28.699 Thread 0x0000028cc64bc6c0 7427       3       org.gradle.internal.instantiation.generator.AsmBackedClassGenerator$ClassBuilderImpl::lambda$addSetter$13 (12 bytes)
Event: 28.700 Thread 0x0000028cc64bc6c0 nmethod 7427 0x0000028cb10a2690 code [0x0000028cb10a2880, 0x0000028cb10a2fa8]
Event: 28.700 Thread 0x0000028cc64ba8c0 7428       4       org.objectweb.asm.MethodWriter::putMethodInfo (1274 bytes)
Event: 28.701 Thread 0x0000028cc64bc6c0 7429       3       java.lang.reflect.Constructor::isSynthetic (5 bytes)
Event: 28.701 Thread 0x0000028cc64bc6c0 nmethod 7429 0x0000028cb10a3210 code [0x0000028cb10a33c0, 0x0000028cb10a35f8]
Event: 28.703 Thread 0x0000028cea07c6b0 nmethod 7418 0x0000028cb8131690 code [0x0000028cb8131900, 0x0000028cb8132268]
Event: 28.717 Thread 0x0000028cc64bc6c0 7430       1       com.google.common.cache.LocalCache$WeakEntry::getHash (5 bytes)
Event: 28.718 Thread 0x0000028cc64bc6c0 nmethod 7430 0x0000028cb8131390 code [0x0000028cb8131520, 0x0000028cb81315f8]
Event: 28.718 Thread 0x0000028cea07c6b0 7431       4       java.lang.ThreadLocal::setInitialValue (50 bytes)
Event: 28.718 Thread 0x0000028cc64bc6c0 7432       3       org.gradle.api.internal.DefaultDomainObjectCollection::<init> (56 bytes)
Event: 28.719 Thread 0x0000028cc64bc6c0 nmethod 7432 0x0000028cb10a3710 code [0x0000028cb10a3960, 0x0000028cb10a4508]
Event: 28.719 Thread 0x0000028cc64bc6c0 7433       3       org.gradle.api.internal.DefaultDomainObjectCollection$$Lambda$352/0x0000028cc83956c8::<init> (15 bytes)
Event: 28.720 Thread 0x0000028cc64bc6c0 nmethod 7433 0x0000028cb10a4890 code [0x0000028cb10a4a40, 0x0000028cb10a4c58]
Event: 28.725 Thread 0x0000028cc64bc6c0 7434       3       org.gradle.api.internal.provider.ValueSupplier$Present::get (9 bytes)
Event: 28.725 Thread 0x0000028cc64bc6c0 nmethod 7434 0x0000028cb10a4d10 code [0x0000028cb10a4ec0, 0x0000028cb10a5148]
Event: 28.725 Thread 0x0000028cc64bc6c0 7435       3       org.gradle.api.internal.provider.ValueSupplier$Present::runSideEffect (21 bytes)
Event: 28.725 Thread 0x0000028cc64bc6c0 nmethod 7435 0x0000028cb10a5290 code [0x0000028cb10a5440, 0x0000028cb10a5648]
Event: 28.725 Thread 0x0000028cc64bc6c0 7436   !   3       org.gradle.api.internal.model.NamedObjectInstantiator::named (56 bytes)
Event: 28.727 Thread 0x0000028cc64bc6c0 nmethod 7436 0x0000028cb10a5710 code [0x0000028cb10a59a0, 0x0000028cb10a6668]
Event: 28.727 Thread 0x0000028cc64bc6c0 7437       3       org.gradle.internal.classloader.CachingClassLoader::equals (33 bytes)

GC Heap History (20 events):
Event: 21.532 GC heap after
{Heap after GC invocations=16 (full 0):
 garbage-first heap   total 86016K, used 42753K [0x0000000080000000, 0x0000000100000000)
  region size 1024K, 5 young (5120K), 5 survivors (5120K)
 Metaspace       used 53273K, committed 53824K, reserved 491520K
  class space    used 7518K, committed 7808K, reserved 425984K
}
Event: 22.525 GC heap before
{Heap before GC invocations=16 (full 0):
 garbage-first heap   total 86016K, used 68353K [0x0000000080000000, 0x0000000100000000)
  region size 1024K, 31 young (31744K), 5 survivors (5120K)
 Metaspace       used 54192K, committed 54848K, reserved 491520K
  class space    used 7599K, committed 7872K, reserved 425984K
}
Event: 22.537 GC heap after
{Heap after GC invocations=17 (full 0):
 garbage-first heap   total 86016K, used 46696K [0x0000000080000000, 0x0000000100000000)
  region size 1024K, 4 young (4096K), 4 survivors (4096K)
 Metaspace       used 54192K, committed 54848K, reserved 491520K
  class space    used 7599K, committed 7872K, reserved 425984K
}
Event: 23.923 GC heap before
{Heap before GC invocations=18 (full 0):
 garbage-first heap   total 86016K, used 75368K [0x0000000080000000, 0x0000000100000000)
  region size 1024K, 26 young (26624K), 4 survivors (4096K)
 Metaspace       used 56496K, committed 57088K, reserved 491520K
  class space    used 7896K, committed 8192K, reserved 425984K
}
Event: 23.933 GC heap after
{Heap after GC invocations=19 (full 0):
 garbage-first heap   total 86016K, used 54929K [0x0000000080000000, 0x0000000100000000)
  region size 1024K, 3 young (3072K), 3 survivors (3072K)
 Metaspace       used 56496K, committed 57088K, reserved 491520K
  class space    used 7896K, committed 8192K, reserved 425984K
}
Event: 23.960 GC heap before
{Heap before GC invocations=19 (full 0):
 garbage-first heap   total 86016K, used 55953K [0x0000000080000000, 0x0000000100000000)
  region size 1024K, 4 young (4096K), 3 survivors (3072K)
 Metaspace       used 56587K, committed 57216K, reserved 491520K
  class space    used 7907K, committed 8192K, reserved 425984K
}
Event: 23.963 GC heap after
{Heap after GC invocations=20 (full 0):
 garbage-first heap   total 86016K, used 55056K [0x0000000080000000, 0x0000000100000000)
  region size 1024K, 1 young (1024K), 1 survivors (1024K)
 Metaspace       used 56587K, committed 57216K, reserved 491520K
  class space    used 7907K, committed 8192K, reserved 425984K
}
Event: 24.477 GC heap before
{Heap before GC invocations=20 (full 0):
 garbage-first heap   total 86016K, used 71440K [0x0000000080000000, 0x0000000100000000)
  region size 1024K, 17 young (17408K), 1 survivors (1024K)
 Metaspace       used 57686K, committed 58304K, reserved 491520K
  class space    used 8095K, committed 8384K, reserved 425984K
}
Event: 24.483 GC heap after
{Heap after GC invocations=21 (full 0):
 garbage-first heap   total 86016K, used 55264K [0x0000000080000000, 0x0000000100000000)
  region size 1024K, 1 young (1024K), 1 survivors (1024K)
 Metaspace       used 57686K, committed 58304K, reserved 491520K
  class space    used 8095K, committed 8384K, reserved 425984K
}
Event: 25.106 GC heap before
{Heap before GC invocations=22 (full 0):
 garbage-first heap   total 101376K, used 69600K [0x0000000080000000, 0x0000000100000000)
  region size 1024K, 16 young (16384K), 1 survivors (1024K)
 Metaspace       used 58748K, committed 59456K, reserved 491520K
  class space    used 8236K, committed 8576K, reserved 425984K
}
Event: 25.112 GC heap after
{Heap after GC invocations=23 (full 0):
 garbage-first heap   total 101376K, used 56086K [0x0000000080000000, 0x0000000100000000)
  region size 1024K, 2 young (2048K), 2 survivors (2048K)
 Metaspace       used 58748K, committed 59456K, reserved 491520K
  class space    used 8236K, committed 8576K, reserved 425984K
}
Event: 25.169 GC heap before
{Heap before GC invocations=23 (full 0):
 garbage-first heap   total 101376K, used 57110K [0x0000000080000000, 0x0000000100000000)
  region size 1024K, 4 young (4096K), 2 survivors (2048K)
 Metaspace       used 58849K, committed 59520K, reserved 491520K
  class space    used 8253K, committed 8576K, reserved 425984K
}
Event: 25.173 GC heap after
{Heap after GC invocations=24 (full 0):
 garbage-first heap   total 101376K, used 55639K [0x0000000080000000, 0x0000000100000000)
  region size 1024K, 1 young (1024K), 1 survivors (1024K)
 Metaspace       used 58849K, committed 59520K, reserved 491520K
  class space    used 8253K, committed 8576K, reserved 425984K
}
Event: 26.115 GC heap before
{Heap before GC invocations=24 (full 0):
 garbage-first heap   total 101376K, used 83287K [0x0000000080000000, 0x0000000100000000)
  region size 1024K, 28 young (28672K), 1 survivors (1024K)
 Metaspace       used 61020K, committed 61696K, reserved 491520K
  class space    used 8578K, committed 8896K, reserved 425984K
}
Event: 26.119 GC heap after
{Heap after GC invocations=25 (full 0):
 garbage-first heap   total 101376K, used 56209K [0x0000000080000000, 0x0000000100000000)
  region size 1024K, 1 young (1024K), 1 survivors (1024K)
 Metaspace       used 61020K, committed 61696K, reserved 491520K
  class space    used 8578K, committed 8896K, reserved 425984K
}
Event: 27.766 GC heap before
{Heap before GC invocations=26 (full 0):
 garbage-first heap   total 101376K, used 83857K [0x0000000080000000, 0x0000000100000000)
  region size 1024K, 28 young (28672K), 1 survivors (1024K)
 Metaspace       used 63011K, committed 63744K, reserved 491520K
  class space    used 8896K, committed 9280K, reserved 425984K
}
Event: 27.771 GC heap after
{Heap after GC invocations=27 (full 0):
 garbage-first heap   total 101376K, used 57096K [0x0000000080000000, 0x0000000100000000)
  region size 1024K, 2 young (2048K), 2 survivors (2048K)
 Metaspace       used 63011K, committed 63744K, reserved 491520K
  class space    used 8896K, committed 9280K, reserved 425984K
}
Event: 27.845 GC heap before
{Heap before GC invocations=27 (full 0):
 garbage-first heap   total 101376K, used 58120K [0x0000000080000000, 0x0000000100000000)
  region size 1024K, 4 young (4096K), 2 survivors (2048K)
 Metaspace       used 63128K, committed 63872K, reserved 491520K
  class space    used 8909K, committed 9280K, reserved 425984K
}
Event: 27.851 GC heap after
{Heap after GC invocations=28 (full 0):
 garbage-first heap   total 101376K, used 56809K [0x0000000080000000, 0x0000000100000000)
  region size 1024K, 1 young (1024K), 1 survivors (1024K)
 Metaspace       used 63128K, committed 63872K, reserved 491520K
  class space    used 8909K, committed 9280K, reserved 425984K
}
Event: 28.727 GC heap before
{Heap before GC invocations=28 (full 0):
 garbage-first heap   total 101376K, used 84457K [0x0000000080000000, 0x0000000100000000)
  region size 1024K, 28 young (28672K), 1 survivors (1024K)
 Metaspace       used 64609K, committed 65280K, reserved 491520K
  class space    used 9137K, committed 9472K, reserved 425984K
}

Dll operation events (15 events):
Event: 0.017 Loaded shared library C:\Program Files\Microsoft\jdk-17.0.13.11-hotspot\bin\java.dll
Event: 0.046 Loaded shared library C:\Program Files\Microsoft\jdk-17.0.13.11-hotspot\bin\jsvml.dll
Event: 0.166 Loaded shared library C:\Program Files\Microsoft\jdk-17.0.13.11-hotspot\bin\zip.dll
Event: 0.173 Loaded shared library C:\Program Files\Microsoft\jdk-17.0.13.11-hotspot\bin\instrument.dll
Event: 0.182 Loaded shared library C:\Program Files\Microsoft\jdk-17.0.13.11-hotspot\bin\net.dll
Event: 0.185 Loaded shared library C:\Program Files\Microsoft\jdk-17.0.13.11-hotspot\bin\nio.dll
Event: 0.194 Loaded shared library C:\Program Files\Microsoft\jdk-17.0.13.11-hotspot\bin\zip.dll
Event: 0.999 Loaded shared library C:\Program Files\Microsoft\jdk-17.0.13.11-hotspot\bin\jimage.dll
Event: 1.498 Loaded shared library C:\Program Files\Microsoft\jdk-17.0.13.11-hotspot\bin\verify.dll
Event: 1.750 Loaded shared library C:\Users\rajai\.gradle\native\1def1411415f61bf3af743bc5b6707747c0891f09f0c88961ee8f79bc544acac\windows-amd64\native-platform.dll
Event: 1.793 Loaded shared library C:\Users\rajai\.gradle\native\0.2.7\x86_64-windows-gnu\gradle-fileevents.dll
Event: 4.019 Loaded shared library C:\Program Files\Microsoft\jdk-17.0.13.11-hotspot\bin\management.dll
Event: 4.024 Loaded shared library C:\Program Files\Microsoft\jdk-17.0.13.11-hotspot\bin\management_ext.dll
Event: 4.455 Loaded shared library C:\Program Files\Microsoft\jdk-17.0.13.11-hotspot\bin\extnet.dll
Event: 4.861 Loaded shared library C:\Program Files\Microsoft\jdk-17.0.13.11-hotspot\bin\sunmscapi.dll

Deoptimization events (20 events):
Event: 27.330 Thread 0x0000028ce793b770 DEOPT PACKING pc=0x0000028cb81faf98 sp=0x000000dec59f4b20
Event: 27.330 Thread 0x0000028ce793b770 DEOPT UNPACKING pc=0x0000028cb79769a3 sp=0x000000dec59f4ac0 mode 2
Event: 28.050 Thread 0x0000028ce793b770 Uncommon trap: trap_request=0xffffffbe fr.pc=0x0000028cb8273b70 relative=0x0000000000000730
Event: 28.050 Thread 0x0000028ce793b770 Uncommon trap: reason=profile_predicate action=maybe_recompile pc=0x0000028cb8273b70 method=java.lang.PublicMethods$MethodList.filter([Ljava/lang/reflect/Method;Ljava/lang/String;[Ljava/lang/Class;Z)Ljava/lang/PublicMethods$MethodList; @ 21 c2
Event: 28.050 Thread 0x0000028ce793b770 DEOPT PACKING pc=0x0000028cb8273b70 sp=0x000000dec59f3ac0
Event: 28.050 Thread 0x0000028ce793b770 DEOPT UNPACKING pc=0x0000028cb79769a3 sp=0x000000dec59f3a78 mode 2
Event: 28.050 Thread 0x0000028ce793b770 Uncommon trap: trap_request=0xffffffbe fr.pc=0x0000028cb8273b70 relative=0x0000000000000730
Event: 28.050 Thread 0x0000028ce793b770 Uncommon trap: reason=profile_predicate action=maybe_recompile pc=0x0000028cb8273b70 method=java.lang.PublicMethods$MethodList.filter([Ljava/lang/reflect/Method;Ljava/lang/String;[Ljava/lang/Class;Z)Ljava/lang/PublicMethods$MethodList; @ 21 c2
Event: 28.050 Thread 0x0000028ce793b770 DEOPT PACKING pc=0x0000028cb8273b70 sp=0x000000dec59f3ac0
Event: 28.050 Thread 0x0000028ce793b770 DEOPT UNPACKING pc=0x0000028cb79769a3 sp=0x000000dec59f3a78 mode 2
Event: 28.050 Thread 0x0000028ce793b770 Uncommon trap: trap_request=0xffffffbe fr.pc=0x0000028cb8273b70 relative=0x0000000000000730
Event: 28.050 Thread 0x0000028ce793b770 Uncommon trap: reason=profile_predicate action=maybe_recompile pc=0x0000028cb8273b70 method=java.lang.PublicMethods$MethodList.filter([Ljava/lang/reflect/Method;Ljava/lang/String;[Ljava/lang/Class;Z)Ljava/lang/PublicMethods$MethodList; @ 21 c2
Event: 28.050 Thread 0x0000028ce793b770 DEOPT PACKING pc=0x0000028cb8273b70 sp=0x000000dec59f3a10
Event: 28.050 Thread 0x0000028ce793b770 DEOPT UNPACKING pc=0x0000028cb79769a3 sp=0x000000dec59f39c8 mode 2
Event: 28.115 Thread 0x0000028ce793b770 Uncommon trap: trap_request=0xffffffbe fr.pc=0x0000028cb8273b70 relative=0x0000000000000730
Event: 28.115 Thread 0x0000028ce793b770 Uncommon trap: reason=profile_predicate action=maybe_recompile pc=0x0000028cb8273b70 method=java.lang.PublicMethods$MethodList.filter([Ljava/lang/reflect/Method;Ljava/lang/String;[Ljava/lang/Class;Z)Ljava/lang/PublicMethods$MethodList; @ 21 c2
Event: 28.115 Thread 0x0000028ce793b770 DEOPT PACKING pc=0x0000028cb8273b70 sp=0x000000dec59f3ce0
Event: 28.115 Thread 0x0000028ce793b770 DEOPT UNPACKING pc=0x0000028cb79769a3 sp=0x000000dec59f3c98 mode 2
Event: 28.664 Thread 0x0000028ce793b770 DEOPT PACKING pc=0x0000028cb09d6f5e sp=0x000000dec59f4880
Event: 28.664 Thread 0x0000028ce793b770 DEOPT UNPACKING pc=0x0000028cb7977143 sp=0x000000dec59f3d48 mode 0

Classes loaded (20 events):
Event: 25.874 Loading class com/sun/org/apache/xerces/internal/jaxp/DocumentBuilderFactoryImpl
Event: 25.876 Loading class com/sun/org/apache/xerces/internal/jaxp/DocumentBuilderFactoryImpl done
Event: 25.876 Loading class com/sun/org/apache/xerces/internal/utils/XMLSecurityManager
Event: 25.877 Loading class com/sun/org/apache/xerces/internal/utils/XMLSecurityManager done
Event: 25.877 Loading class com/sun/org/apache/xerces/internal/utils/XMLSecurityManager$Limit
Event: 25.877 Loading class com/sun/org/apache/xerces/internal/utils/XMLSecurityManager$Limit done
Event: 25.877 Loading class com/sun/org/apache/xerces/internal/utils/XMLSecurityManager$NameMap
Event: 25.878 Loading class com/sun/org/apache/xerces/internal/utils/XMLSecurityManager$NameMap done
Event: 25.878 Loading class com/sun/org/apache/xerces/internal/utils/XMLSecurityPropertyManager
Event: 25.878 Loading class com/sun/org/apache/xerces/internal/utils/XMLSecurityPropertyManager done
Event: 25.878 Loading class com/sun/org/apache/xerces/internal/utils/XMLSecurityPropertyManager$State
Event: 25.878 Loading class com/sun/org/apache/xerces/internal/utils/XMLSecurityPropertyManager$State done
Event: 25.878 Loading class com/sun/org/apache/xerces/internal/utils/XMLSecurityPropertyManager$Property
Event: 25.878 Loading class com/sun/org/apache/xerces/internal/utils/XMLSecurityPropertyManager$Property done
Event: 25.939 Loading class java/util/regex/Pattern$SliceI
Event: 25.939 Loading class java/util/regex/Pattern$SliceI done
Event: 27.154 Loading class java/lang/Character$UnicodeBlock
Event: 27.156 Loading class java/lang/Character$Subset
Event: 27.156 Loading class java/lang/Character$Subset done
Event: 27.156 Loading class java/lang/Character$UnicodeBlock done

Classes unloaded (0 events):
No events

Classes redefined (0 events):
No events

Internal exceptions (20 events):
Event: 23.683 Thread 0x0000028ce793b770 Exception <a 'java/lang/NoSuchMethodError'{0x000000008416c418}: static Lorg/jetbrains/kotlin/gradle/plugin/internal/DefaultMavenPublicationComponentAccessorFactory;.<clinit>()V> (0x000000008416c418) 
thrown [s\src\hotspot\share\prims\jni.cpp, line 1112]
Event: 23.687 Thread 0x0000028ce793b770 Exception <a 'java/lang/NoSuchMethodError'{0x000000008419ef08}: static Lorg/jetbrains/kotlin/gradle/plugin/internal/DefaultCompatibilityConventionRegistrar$Factory;.<clinit>()V> (0x000000008419ef08) 
thrown [s\src\hotspot\share\prims\jni.cpp, line 1112]
Event: 23.693 Thread 0x0000028ce793b770 Exception <a 'java/lang/NoSuchMethodError'{0x00000000841c3158}: static Lorg/jetbrains/kotlin/gradle/plugin/internal/DefaultConfigurationCacheStartParameterAccessorVariantFactory;.<clinit>()V> (0x00000000841c3158) 
thrown [s\src\hotspot\share\prims\jni.cpp, line 1112]
Event: 23.810 Thread 0x0000028ce793b770 Exception <a 'java/lang/IncompatibleClassChangeError'{0x0000000083f6e090}: Found class java.lang.Object, but interface was expected> (0x0000000083f6e090) 
thrown [s\src\hotspot\share\interpreter\linkResolver.cpp, line 826]
Event: 24.105 Thread 0x0000028ce793b770 Exception <a 'java/lang/NoSuchMethodError'{0x0000000084d2fac8}: static Ljava/lang/Object;.<clinit>()V> (0x0000000084d2fac8) 
thrown [s\src\hotspot\share\prims\jni.cpp, line 1112]
Event: 24.137 Thread 0x0000028ce793b770 Exception <a 'java/lang/NoSuchMethodError'{0x0000000084c18c50}: static Lorg/jetbrains/kotlin/gradle/plugin/statistics/MetricContainer;.<clinit>()V> (0x0000000084c18c50) 
thrown [s\src\hotspot\share\prims\jni.cpp, line 1112]
Event: 26.056 Thread 0x0000028ce793b770 Exception <a 'java/lang/NoSuchMethodError'{0x00000000848efb40}: 'void java.lang.invoke.DirectMethodHandle$Holder.invokeVirtual(java.lang.Object, java.lang.Object)'> (0x00000000848efb40) 
thrown [s\src\hotspot\share\interpreter\linkResolver.cpp, line 759]
Event: 27.162 Thread 0x0000028ce793b770 Exception <a 'java/lang/NoSuchMethodError'{0x000000008565b438}: 'int java.lang.invoke.DirectMethodHandle$Holder.invokeStatic(java.lang.Object, java.lang.Object, int)'> (0x000000008565b438) 
thrown [s\src\hotspot\share\interpreter\linkResolver.cpp, line 759]
Event: 28.280 Thread 0x0000028ce793b770 Exception <a 'java/lang/ClassNotFoundException'{0x000000008545f788}: org/jetbrains/kotlin/gradle/targets/js/npm/DefaultNpmDependencyExtensionBeanInfo> (0x000000008545f788) 
thrown [s\src\hotspot\share\classfile\systemDictionary.cpp, line 256]
Event: 28.281 Thread 0x0000028ce793b770 Exception <a 'java/lang/ClassNotFoundException'{0x0000000085474328}: org/jetbrains/kotlin/gradle/targets/js/npm/DefaultNpmDependencyExtensionCustomizer> (0x0000000085474328) 
thrown [s\src\hotspot\share\classfile\systemDictionary.cpp, line 256]
Event: 28.298 Thread 0x0000028ce793b770 Exception <a 'java/lang/ClassNotFoundException'{0x0000000085329860}: org/jetbrains/kotlin/gradle/targets/js/npm/NpmDependencyExtensionKt$defaultNpmDependencyDelegate$1BeanInfo> (0x0000000085329860) 
thrown [s\src\hotspot\share\classfile\systemDictionary.cpp, line 256]
Event: 28.300 Thread 0x0000028ce793b770 Exception <a 'java/lang/ClassNotFoundException'{0x000000008533e430}: org/jetbrains/kotlin/gradle/targets/js/npm/NpmDependencyExtensionDelegateBeanInfo> (0x000000008533e430) 
thrown [s\src\hotspot\share\classfile\systemDictionary.cpp, line 256]
Event: 28.301 Thread 0x0000028ce793b770 Exception <a 'java/lang/ClassNotFoundException'{0x0000000085353010}: org/jetbrains/kotlin/gradle/targets/js/npm/NpmDependencyExtensionDelegateCustomizer> (0x0000000085353010) 
thrown [s\src\hotspot\share\classfile\systemDictionary.cpp, line 256]
Event: 28.308 Thread 0x0000028ce793b770 Exception <a 'java/lang/ClassNotFoundException'{0x000000008538e978}: org/jetbrains/kotlin/gradle/targets/js/npm/NpmDependencyExtensionKt$defaultNpmDependencyDelegate$1Customizer> (0x000000008538e978) 
thrown [s\src\hotspot\share\classfile\systemDictionary.cpp, line 256]
Event: 28.317 Thread 0x0000028ce793b770 Exception <a 'java/lang/ClassNotFoundException'{0x00000000853e15b0}: org/jetbrains/kotlin/gradle/targets/js/npm/DefaultDevNpmDependencyExtensionBeanInfo> (0x00000000853e15b0) 
thrown [s\src\hotspot\share\classfile\systemDictionary.cpp, line 256]
Event: 28.318 Thread 0x0000028ce793b770 Exception <a 'java/lang/ClassNotFoundException'{0x00000000853f61a8}: org/jetbrains/kotlin/gradle/targets/js/npm/DefaultDevNpmDependencyExtensionCustomizer> (0x00000000853f61a8) 
thrown [s\src\hotspot\share\classfile\systemDictionary.cpp, line 256]
Event: 28.326 Thread 0x0000028ce793b770 Exception <a 'java/lang/ClassNotFoundException'{0x0000000085251c18}: org/jetbrains/kotlin/gradle/targets/js/npm/DefaultPeerNpmDependencyExtensionBeanInfo> (0x0000000085251c18) 
thrown [s\src\hotspot\share\classfile\systemDictionary.cpp, line 256]
Event: 28.328 Thread 0x0000028ce793b770 Exception <a 'java/lang/ClassNotFoundException'{0x0000000085266840}: org/jetbrains/kotlin/gradle/targets/js/npm/DefaultPeerNpmDependencyExtensionCustomizer> (0x0000000085266840) 
thrown [s\src\hotspot\share\classfile\systemDictionary.cpp, line 256]
Event: 28.337 Thread 0x0000028ce793b770 Exception <a 'java/lang/ClassNotFoundException'{0x00000000852cf528}: org/jetbrains/kotlin/gradle/targets/js/npm/DefaultPeerNpmDependencyExtension$delegate$1BeanInfo> (0x00000000852cf528) 
thrown [s\src\hotspot\share\classfile\systemDictionary.cpp, line 256]
Event: 28.339 Thread 0x0000028ce793b770 Exception <a 'java/lang/ClassNotFoundException'{0x00000000852e4348}: org/jetbrains/kotlin/gradle/targets/js/npm/DefaultPeerNpmDependencyExtension$delegate$1Customizer> (0x00000000852e4348) 
thrown [s\src\hotspot\share\classfile\systemDictionary.cpp, line 256]

VM Operations (20 events):
Event: 25.113 Executing VM operation: G1CollectForAllocation done
Event: 25.169 Executing VM operation: G1CollectForAllocation
Event: 25.173 Executing VM operation: G1CollectForAllocation done
Event: 25.885 Executing VM operation: HandshakeAllThreads
Event: 25.885 Executing VM operation: HandshakeAllThreads done
Event: 26.115 Executing VM operation: G1CollectForAllocation
Event: 26.119 Executing VM operation: G1CollectForAllocation done
Event: 26.276 Executing VM operation: G1PauseRemark
Event: 26.314 Executing VM operation: G1PauseRemark done
Event: 26.387 Executing VM operation: G1PauseCleanup
Event: 26.387 Executing VM operation: G1PauseCleanup done
Event: 27.395 Executing VM operation: Cleanup
Event: 27.395 Executing VM operation: Cleanup done
Event: 27.766 Executing VM operation: G1CollectForAllocation
Event: 27.771 Executing VM operation: G1CollectForAllocation done
Event: 27.845 Executing VM operation: G1CollectForAllocation
Event: 27.851 Executing VM operation: G1CollectForAllocation done
Event: 28.352 Executing VM operation: HandshakeAllThreads
Event: 28.353 Executing VM operation: HandshakeAllThreads done
Event: 28.727 Executing VM operation: G1CollectForAllocation

Memory protections (0 events):
No events

Nmethod flushes (20 events):
Event: 15.904 Thread 0x0000028cc64c1500 flushing  nmethod 0x0000028cb0b61410
Event: 15.904 Thread 0x0000028cc64c1500 flushing  nmethod 0x0000028cb0b69c10
Event: 15.904 Thread 0x0000028cc64c1500 flushing  nmethod 0x0000028cb0b6b290
Event: 15.904 Thread 0x0000028cc64c1500 flushing  nmethod 0x0000028cb0b6ee90
Event: 15.904 Thread 0x0000028cc64c1500 flushing  nmethod 0x0000028cb0b70f10
Event: 15.904 Thread 0x0000028cc64c1500 flushing  nmethod 0x0000028cb0b76a10
Event: 15.904 Thread 0x0000028cc64c1500 flushing  nmethod 0x0000028cb0b77810
Event: 15.904 Thread 0x0000028cc64c1500 flushing  nmethod 0x0000028cb0b78a10
Event: 15.904 Thread 0x0000028cc64c1500 flushing  nmethod 0x0000028cb0b79090
Event: 15.904 Thread 0x0000028cc64c1500 flushing  nmethod 0x0000028cb0b79590
Event: 15.904 Thread 0x0000028cc64c1500 flushing  nmethod 0x0000028cb0b7ab10
Event: 15.904 Thread 0x0000028cc64c1500 flushing  nmethod 0x0000028cb0b82590
Event: 15.904 Thread 0x0000028cc64c1500 flushing  nmethod 0x0000028cb0bb5890
Event: 15.905 Thread 0x0000028cc64c1500 flushing  nmethod 0x0000028cb0c21c10
Event: 15.905 Thread 0x0000028cc64c1500 flushing  nmethod 0x0000028cb0cee710
Event: 28.355 Thread 0x0000028cc64c1500 flushing  nmethod 0x0000028cb812e390
Event: 28.358 Thread 0x0000028cc64c1500 flushing  nmethod 0x0000028cb0602990
Event: 28.359 Thread 0x0000028cc64c1500 flushing  nmethod 0x0000028cb073cc90
Event: 28.364 Thread 0x0000028cc64c1500 flushing  nmethod 0x0000028cb0a1ec10
Event: 28.369 Thread 0x0000028cc64c1500 flushing  nmethod 0x0000028cb0c81610

Events (20 events):
Event: 20.208 Thread 0x0000028cc64bc6c0 Thread added: 0x0000028cea07d6a0
Event: 21.459 Thread 0x0000028ce793b770 Thread added: 0x0000028ce9e7cd60
Event: 21.460 Thread 0x0000028ce793b770 Thread added: 0x0000028ce9e78680
Event: 21.460 Thread 0x0000028ce793b770 Thread added: 0x0000028ce9e7f0d0
Event: 21.520 Thread 0x0000028ce793b770 Thread added: 0x0000028ce9e7dc90
Event: 21.534 Thread 0x0000028ce793b770 Thread added: 0x0000028ce9e7b410
Event: 21.540 Thread 0x0000028ce793b770 Thread added: 0x0000028ce9e7af00
Event: 21.751 Thread 0x0000028ce793b770 Thread added: 0x0000028ce9e7e6b0
Event: 21.752 Thread 0x0000028ce793b770 Thread added: 0x0000028ce9e7be30
Event: 21.753 Thread 0x0000028ce793b770 Thread added: 0x0000028ce9e7e1a0
Event: 22.621 Thread 0x0000028cea07d6a0 Thread exited: 0x0000028cea07d6a0
Event: 22.814 Thread 0x0000028cc64bc6c0 Thread added: 0x0000028cea07d6a0
Event: 23.839 Thread 0x0000028cea07d6a0 Thread exited: 0x0000028cea07d6a0
Event: 24.218 Thread 0x0000028ce793b770 Thread added: 0x0000028ce9e7b920
Event: 24.417 Thread 0x0000028cc64bc6c0 Thread added: 0x0000028cea07b6c0
Event: 24.964 Thread 0x0000028cea07b6c0 Thread exited: 0x0000028cea07b6c0
Event: 26.032 Thread 0x0000028ce793b770 Thread added: 0x0000028ce9e7c340
Event: 26.176 Thread 0x0000028cc64bc6c0 Thread added: 0x0000028cea07dbf0
Event: 27.317 Thread 0x0000028cea07dbf0 Thread exited: 0x0000028cea07dbf0
Event: 27.972 Thread 0x0000028cc64bc6c0 Thread added: 0x0000028cea07c6b0


Dynamic libraries:
0x00007ff6bc3f0000 - 0x00007ff6bc3fe000 	C:\Program Files\Microsoft\jdk-17.0.13.11-hotspot\bin\java.exe
0x00007ffe4f5d0000 - 0x00007ffe4f7c8000 	C:\Windows\SYSTEM32\ntdll.dll
0x00007ffe4e690000 - 0x00007ffe4e752000 	C:\Windows\System32\KERNEL32.DLL
0x00007ffe4d260000 - 0x00007ffe4d556000 	C:\Windows\System32\KERNELBASE.dll
0x00007ffe4cc60000 - 0x00007ffe4cd60000 	C:\Windows\System32\ucrtbase.dll
0x00007ffe3fe30000 - 0x00007ffe3fe4d000 	C:\Program Files\Microsoft\jdk-17.0.13.11-hotspot\bin\VCRUNTIME140.dll
0x00007ffe45bf0000 - 0x00007ffe45c07000 	C:\Program Files\Microsoft\jdk-17.0.13.11-hotspot\bin\jli.dll
0x00007ffe4eed0000 - 0x00007ffe4f071000 	C:\Windows\System32\USER32.dll
0x00007ffe3a3a0000 - 0x00007ffe3a63b000 	C:\Windows\WinSxS\amd64_microsoft.windows.common-controls_6595b64144ccf1df_6.0.19041.6456_none_60b8a6cb71f64256\COMCTL32.dll
0x00007ffe4ce80000 - 0x00007ffe4cea2000 	C:\Windows\System32\win32u.dll
0x00007ffe4f4d0000 - 0x00007ffe4f56e000 	C:\Windows\System32\msvcrt.dll
0x00007ffe4e2d0000 - 0x00007ffe4e2fb000 	C:\Windows\System32\GDI32.dll
0x00007ffe4cd60000 - 0x00007ffe4ce79000 	C:\Windows\System32\gdi32full.dll
0x00007ffe4d190000 - 0x00007ffe4d22d000 	C:\Windows\System32\msvcp_win.dll
0x00007ffe4f080000 - 0x00007ffe4f0af000 	C:\Windows\System32\IMM32.DLL
0x00007ffe3fed0000 - 0x00007ffe3fedc000 	C:\Program Files\Microsoft\jdk-17.0.13.11-hotspot\bin\vcruntime140_1.dll
0x00007ffe0b050000 - 0x00007ffe0b0dd000 	C:\Program Files\Microsoft\jdk-17.0.13.11-hotspot\bin\msvcp140.dll
0x00007ffdd92a0000 - 0x00007ffdd9f11000 	C:\Program Files\Microsoft\jdk-17.0.13.11-hotspot\bin\server\jvm.dll
0x00007ffe4e210000 - 0x00007ffe4e2c1000 	C:\Windows\System32\ADVAPI32.dll
0x00007ffe4d990000 - 0x00007ffe4da2f000 	C:\Windows\System32\sechost.dll
0x00007ffe4d5f0000 - 0x00007ffe4d710000 	C:\Windows\System32\RPCRT4.dll
0x00007ffe4d230000 - 0x00007ffe4d257000 	C:\Windows\System32\bcrypt.dll
0x00007ffe4e1a0000 - 0x00007ffe4e20b000 	C:\Windows\System32\WS2_32.dll
0x00007ffe4cac0000 - 0x00007ffe4cb0b000 	C:\Windows\SYSTEM32\POWRPROF.dll
0x00007ffe38490000 - 0x00007ffe384b7000 	C:\Windows\SYSTEM32\WINMM.dll
0x00007ffe44890000 - 0x00007ffe4489a000 	C:\Windows\SYSTEM32\VERSION.dll
0x00007ffe4caa0000 - 0x00007ffe4cab2000 	C:\Windows\SYSTEM32\UMPDC.dll
0x00007ffe4b430000 - 0x00007ffe4b442000 	C:\Windows\SYSTEM32\kernel.appcore.dll
0x00007ffe3fe20000 - 0x00007ffe3fe2a000 	C:\Program Files\Microsoft\jdk-17.0.13.11-hotspot\bin\jimage.dll
0x00007ffe4a960000 - 0x00007ffe4ab61000 	C:\Windows\SYSTEM32\DBGHELP.DLL
0x00007ffe28a50000 - 0x00007ffe28a84000 	C:\Windows\SYSTEM32\dbgcore.DLL
0x00007ffe4d560000 - 0x00007ffe4d5e2000 	C:\Windows\System32\bcryptPrimitives.dll
0x00007ffe3b270000 - 0x00007ffe3b27e000 	C:\Program Files\Microsoft\jdk-17.0.13.11-hotspot\bin\instrument.dll
0x00007ffe23190000 - 0x00007ffe231b5000 	C:\Program Files\Microsoft\jdk-17.0.13.11-hotspot\bin\java.dll
0x00007ffe0af70000 - 0x00007ffe0b047000 	C:\Program Files\Microsoft\jdk-17.0.13.11-hotspot\bin\jsvml.dll
0x00007ffe4da30000 - 0x00007ffe4e1a0000 	C:\Windows\System32\SHELL32.dll
0x00007ffe4ab70000 - 0x00007ffe4b315000 	C:\Windows\SYSTEM32\windows.storage.dll
0x00007ffe4f0b0000 - 0x00007ffe4f404000 	C:\Windows\System32\combase.dll
0x00007ffe4c5b0000 - 0x00007ffe4c5db000 	C:\Windows\SYSTEM32\Wldp.dll
0x00007ffe4e400000 - 0x00007ffe4e4cd000 	C:\Windows\System32\OLEAUT32.dll
0x00007ffe4ee20000 - 0x00007ffe4eecd000 	C:\Windows\System32\SHCORE.dll
0x00007ffe4e300000 - 0x00007ffe4e35b000 	C:\Windows\System32\shlwapi.dll
0x00007ffe4cb90000 - 0x00007ffe4cbb4000 	C:\Windows\SYSTEM32\profapi.dll
0x00007ffe1afd0000 - 0x00007ffe1afe8000 	C:\Program Files\Microsoft\jdk-17.0.13.11-hotspot\bin\zip.dll
0x00007ffe2ad20000 - 0x00007ffe2ad3a000 	C:\Program Files\Microsoft\jdk-17.0.13.11-hotspot\bin\net.dll
0x00007ffe430d0000 - 0x00007ffe431da000 	C:\Windows\SYSTEM32\WINHTTP.dll
0x00007ffe4c310000 - 0x00007ffe4c37a000 	C:\Windows\system32\mswsock.dll
0x00007ffe1ca60000 - 0x00007ffe1ca76000 	C:\Program Files\Microsoft\jdk-17.0.13.11-hotspot\bin\nio.dll
0x00007ffe3f6a0000 - 0x00007ffe3f6b0000 	C:\Program Files\Microsoft\jdk-17.0.13.11-hotspot\bin\verify.dll
0x00007ffe18fa0000 - 0x00007ffe18fc7000 	C:\Users\rajai\.gradle\native\1def1411415f61bf3af743bc5b6707747c0891f09f0c88961ee8f79bc544acac\windows-amd64\native-platform.dll
0x00007ffe09760000 - 0x00007ffe097d8000 	C:\Users\rajai\.gradle\native\0.2.7\x86_64-windows-gnu\gradle-fileevents.dll
0x00007ffe3fdf0000 - 0x00007ffe3fdfa000 	C:\Program Files\Microsoft\jdk-17.0.13.11-hotspot\bin\management.dll
0x00007ffe3fa00000 - 0x00007ffe3fa0b000 	C:\Program Files\Microsoft\jdk-17.0.13.11-hotspot\bin\management_ext.dll
0x00007ffe4e360000 - 0x00007ffe4e368000 	C:\Windows\System32\PSAPI.DLL
0x00007ffe4bff0000 - 0x00007ffe4c02b000 	C:\Windows\SYSTEM32\IPHLPAPI.DLL
0x00007ffe4ee10000 - 0x00007ffe4ee18000 	C:\Windows\System32\NSI.dll
0x00007ffe434d0000 - 0x00007ffe434e7000 	C:\Windows\SYSTEM32\dhcpcsvc6.DLL
0x00007ffe43ac0000 - 0x00007ffe43add000 	C:\Windows\SYSTEM32\dhcpcsvc.DLL
0x00007ffe4c030000 - 0x00007ffe4c0fa000 	C:\Windows\SYSTEM32\DNSAPI.dll
0x00007ffe3f880000 - 0x00007ffe3f889000 	C:\Program Files\Microsoft\jdk-17.0.13.11-hotspot\bin\extnet.dll
0x00007ffe4c510000 - 0x00007ffe4c528000 	C:\Windows\SYSTEM32\CRYPTSP.dll
0x00007ffe4bc00000 - 0x00007ffe4bc38000 	C:\Windows\system32\rsaenh.dll
0x00007ffe4cb10000 - 0x00007ffe4cb3e000 	C:\Windows\SYSTEM32\USERENV.dll
0x00007ffe4c500000 - 0x00007ffe4c50c000 	C:\Windows\SYSTEM32\CRYPTBASE.dll
0x00007ffe3f930000 - 0x00007ffe3f93e000 	C:\Program Files\Microsoft\jdk-17.0.13.11-hotspot\bin\sunmscapi.dll
0x00007ffe4d030000 - 0x00007ffe4d18d000 	C:\Windows\System32\CRYPT32.dll
0x00007ffe4c620000 - 0x00007ffe4c647000 	C:\Windows\SYSTEM32\ncrypt.dll
0x00007ffe4c5e0000 - 0x00007ffe4c61b000 	C:\Windows\SYSTEM32\NTASN1.dll
0x00007ffdd4e30000 - 0x00007ffdd4e37000 	C:\Windows\system32\wshunix.dll

dbghelp: loaded successfully - version: 4.0.5 - missing functions: none
symbol engine: initialized successfully - sym options: 0x614 - pdb path: .;C:\Program Files\Microsoft\jdk-17.0.13.11-hotspot\bin;C:\Windows\SYSTEM32;C:\Windows\WinSxS\amd64_microsoft.windows.common-controls_6595b64144ccf1df_6.0.19041.6456_none_60b8a6cb71f64256;C:\Program Files\Microsoft\jdk-17.0.13.11-hotspot\bin\server;C:\Users\rajai\.gradle\native\1def1411415f61bf3af743bc5b6707747c0891f09f0c88961ee8f79bc544acac\windows-amd64;C:\Users\rajai\.gradle\native\0.2.7\x86_64-windows-gnu

VM Arguments:
jvm_args: --add-opens=java.base/java.lang=ALL-UNNAMED --add-opens=java.base/java.lang.invoke=ALL-UNNAMED --add-opens=java.base/java.util=ALL-UNNAMED --add-opens=java.prefs/java.util.prefs=ALL-UNNAMED --add-exports=jdk.compiler/com.sun.tools.javac.api=ALL-UNNAMED --add-exports=jdk.compiler/com.sun.tools.javac.util=ALL-UNNAMED --add-opens=java.base/java.util=ALL-UNNAMED --add-opens=java.prefs/java.util.prefs=ALL-UNNAMED --add-opens=java.base/java.nio.charset=ALL-UNNAMED --add-opens=java.base/java.net=ALL-UNNAMED --add-opens=java.base/java.util.concurrent.atomic=ALL-UNNAMED --add-opens=java.xml/javax.xml.namespace=ALL-UNNAMED -XX:MaxMetaspaceSize=512m -Xmx2048m -Dfile.encoding=windows-1252 -Duser.country=IN -Duser.language=en -Duser.variant -javaagent:C:\Users\rajai\.gradle\wrapper\dists\gradle-8.14.1-bin\baw1sv0jfoi8rxs14qo3h49cs\gradle-8.14.1\lib\agents\gradle-instrumentation-agent-8.14.1.jar 
java_command: org.gradle.launcher.daemon.bootstrap.GradleDaemon 8.14.1
java_class_path (initial): C:\Users\rajai\.gradle\wrapper\dists\gradle-8.14.1-bin\baw1sv0jfoi8rxs14qo3h49cs\gradle-8.14.1\lib\gradle-daemon-main-8.14.1.jar
Launcher Type: SUN_STANDARD

[Global flags]
     intx CICompilerCount                          = 3                                         {product} {ergonomic}
   size_t CompressedClassSpaceSize                 = 436207616                                 {product} {ergonomic}
     uint ConcGCThreads                            = 1                                         {product} {ergonomic}
     uint G1ConcRefinementThreads                  = 4                                         {product} {ergonomic}
   size_t G1HeapRegionSize                         = 1048576                                   {product} {ergonomic}
    uintx GCDrainStackTargetSize                   = 64                                        {product} {ergonomic}
   size_t InitialHeapSize                          = 132120576                                 {product} {ergonomic}
   size_t MarkStackSize                            = 4194304                                   {product} {ergonomic}
   size_t MaxHeapSize                              = 2147483648                                {product} {command line}
   size_t MaxMetaspaceSize                         = 536870912                                 {product} {command line}
   size_t MaxNewSize                               = 1287651328                                {product} {ergonomic}
   size_t MinHeapDeltaBytes                        = 1048576                                   {product} {ergonomic}
   size_t MinHeapSize                              = 8388608                                   {product} {ergonomic}
    uintx NonNMethodCodeHeapSize                   = 5832780                                {pd product} {ergonomic}
    uintx NonProfiledCodeHeapSize                  = 122912730                              {pd product} {ergonomic}
    uintx ProfiledCodeHeapSize                     = 122912730                              {pd product} {ergonomic}
    uintx ReservedCodeCacheSize                    = 251658240                              {pd product} {ergonomic}
     bool SegmentedCodeCache                       = true                                      {product} {ergonomic}
   size_t SoftMaxHeapSize                          = 2147483648                             {manageable} {ergonomic}
     bool UseCompressedClassPointers               = true                           {product lp64_product} {ergonomic}
     bool UseCompressedOops                        = true                           {product lp64_product} {ergonomic}
     bool UseG1GC                                  = true                                      {product} {ergonomic}
     bool UseLargePagesIndividualAllocation        = false                                  {pd product} {ergonomic}

Logging:
Log output configuration:
 #0: stdout all=warning uptime,level,tags
 #1: stderr all=off uptime,level,tags

Environment Variables:
JAVA_HOME=C:\Program Files\Microsoft\jdk-17.0.13.11-hotspot\
PATH=F:\Subham_Folder\Projects\React-Native\SpotReserve\node_modules\.bin;F:\Subham_Folder\Projects\React-Native\SpotReserve\node_modules\.bin;F:\Subham_Folder\Projects\React-Native\node_modules\.bin;F:\Subham_Folder\Projects\node_modules\.bin;F:\Subham_Folder\node_modules\.bin;F:\node_modules\.bin;C:\Users\rajai\AppData\Roaming\npm\node_modules\npm\node_modules\@npmcli\run-script\lib\node-gyp-bin;C:\Program Files\Microsoft\jdk-17.0.13.11-hotspot\bin;C:\Python312\Scripts\;C:\Python312\;C:\Program Files (x86)\Common Files\Intel\Shared Libraries\redist\intel64\compiler;C:\Windows\system32;C:\Windows;C:\Windows\System32\Wbem;C:\Windows\System32\WindowsPowerShell\v1.0\;C:\Windows\System32\OpenSSH\;C:\Program Files\Git\cmd;C:\Program Files\dotnet\;C:\Program Files (x86)\Intel\Intel(R) Management Engine Components\DAL;C:\Program Files\Intel\Intel(R) Management Engine Components\DAL;C:\Program Files\Microsoft SQL Server\150\Tools\Binn\;C:\Program Files\Microsoft SQL Server\Client SDK\ODBC\170\Tools\Binn\;C:\ProgramData\chocolatey\bin;C:\Program Files\nodejs\;C:\Users\rajai\AppData\Local\Android\Sdk\platform-tools;C:\Users\rajai\AppData\Local\Android\Sdk\tools;C:\Users\rajai\AppData\Local\Android\Sdk\tools;C:\Users\rajai\AppData\Local\Microsoft\WindowsApps;C:\Users\rajai\.dotnet\tools;C:\Users\rajai\AppData\Local\Programs\Microsoft VS Code\bin;C:\Users\rajai\AppData\Roaming\npm;C:\Program Files\Microsoft\jdk-17.0.13.11-hotspot\\bin;C:\Users\rajai\Downloads\OpenJDK19U-jdk_x64_windows_hotspot_19.0.2_7\jdk-19.0.2+7\bin;C:\Users\rajai\AppData\Local\Android\Sdk\cmdline-tools\16.0\bin;C:\Users\rajai\AppData\Roaming\npm;
USERNAME=rajai
LANG=en_US.UTF-8
OS=Windows_NT
PROCESSOR_IDENTIFIER=Intel64 Family 6 Model 142 Stepping 9, GenuineIntel
TMP=C:\Users\rajai\AppData\Local\Temp
TEMP=C:\Users\rajai\AppData\Local\Temp



Periodic native trim disabled


---------------  S Y S T E M  ---------------

OS:
 Windows 10 , 64 bit Build 19041 (10.0.19041.5915)
OS uptime: 9 days 1:41 hours
Hyper-V role detected

CPU: total 4 (initial active 4) (2 cores per cpu, 2 threads per core) family 6 model 142 stepping 9 microcode 0xf0, cx8, cmov, fxsr, ht, mmx, 3dnowpref, sse, sse2, sse3, ssse3, sse4.1, sse4.2, popcnt, lzcnt, tsc, tscinvbit, avx, avx2, aes, erms, clmul, bmi1, bmi2, adx, fma, vzeroupper, clflush, clflushopt, hv
Processor Information for the first 4 processors :
  Max Mhz: 2300, Current Mhz: 2300, Mhz Limit: 2300

Memory: 4k page, system-wide physical 8057M (387M free)
TotalPageFile size 16249M (AvailPageFile size 29M)
current process WorkingSet (physical memory assigned to process): 294M, peak: 295M
current process commit charge ("private bytes"): 325M, peak: 352M

vm_info: OpenJDK 64-Bit Server VM (17.0.13+11-LTS) for windows-amd64 JRE (17.0.13+11-LTS), built on Oct 11 2024 23:25:05 by "MicrosoftCorporation" with unknown MS VC++:1939

END.
